2025-10-07 13:47:17 +0000  Initial pipeline context: <IDEDistributionProcessingPipelineContext: 0x35603b880; archive(resolved)="<IDEArchive: 0x377414940>", distributionTask(resolved)="2", distributionDestination(resolved)="2", distributionMethod(resolved)="<IDEDistributionMethodiOSAppStoreDistribution: 0x377425a50>", team(resolved)="<IDEProvisioningDisambiguatableBasicTeam: 0x32da2bde0; teamID='KS86K6AD9K', teamName='Andrew Platts', teamType='Individual', username='andrew.platts@hotmail.com', isFreeProvisioningTeam='0'>">
	Chain (17, self inclusive):
	<IDEDistributionProcessingPipelineContext: 0x35603b880; archive = "<IDEArchive: 0x377414940>", distributionMethod="<IDEDistributionMethodiOSAppStoreDistribution: 0x377425a50>", team="<IDEProvisioningDisambiguatableBasicTeam: 0x32da2bde0; teamID='KS86K6AD9K', teamName='Andrew Platts', teamType='Individual', username='andrew.platts@hotmail.com', isFreeProvisioningTeam='0'>">
	<IDEDistributionProcessingPipelineContext: 0x3560f3c20; archive = "<IDEArchive: 0x377414940>", distributionMethod="<IDEDistributionMethodiOSAppStoreDistribution: 0x377425a50>", team="<IDEProvisioningDisambiguatableBasicTeam: 0x32da2bde0; teamID='KS86K6AD9K', teamName='Andrew Platts', teamType='Individual', username='andrew.platts@hotmail.com', isFreeProvisioningTeam='0'>">
	<IDEDistributionContext: 0x3774f9400; archive = "<IDEArchive: 0x377414940>", distributionMethod="<IDEDistributionMethodiOSAppStoreDistribution: 0x377425a50>", team="<IDEProvisioningDisambiguatableBasicTeam: 0x32da2bde0; teamID='KS86K6AD9K', teamName='Andrew Platts', teamType='Individual', username='andrew.platts@hotmail.com', isFreeProvisioningTeam='0'>">
	<IDEDistributionContext: 0x37073ef80; archive = "<IDEArchive: 0x377414940>", distributionMethod="<IDEDistributionMethodiOSAppStoreDistribution: 0x377425a50>", team="<IDEProvisioningDisambiguatableBasicTeam: 0x32da2bde0; teamID='KS86K6AD9K', teamName='Andrew Platts', teamType='Individual', username='andrew.platts@hotmail.com', isFreeProvisioningTeam='0'>">
	<IDEDistributionContext: 0x35177a860; archive = "<IDEArchive: 0x377414940>", distributionMethod="<IDEDistributionMethodiOSAppStoreDistribution: 0x377425a50>", team="<IDEProvisioningDisambiguatableBasicTeam: 0x32da2bde0; teamID='KS86K6AD9K', teamName='Andrew Platts', teamType='Individual', username='andrew.platts@hotmail.com', isFreeProvisioningTeam='0'>">
	<IDEDistributionContext: 0x35177b430; archive = "<IDEArchive: 0x377414940>", distributionMethod="<IDEDistributionMethodiOSAppStoreDistribution: 0x377425a50>", team="<IDEProvisioningDisambiguatableBasicTeam: 0x32da2bde0; teamID='KS86K6AD9K', teamName='Andrew Platts', teamType='Individual', username='andrew.platts@hotmail.com', isFreeProvisioningTeam='0'>">
	<IDEDistributionContext: 0x370741580; archive = "<IDEArchive: 0x377414940>", distributionMethod="<IDEDistributionMethodiOSAppStoreDistribution: 0x377425a50>", team="<IDEProvisioningDisambiguatableBasicTeam: 0x32da2bde0; teamID='KS86K6AD9K', teamName='Andrew Platts', teamType='Individual', username='andrew.platts@hotmail.com', isFreeProvisioningTeam='0'>">
	<IDEDistributionContext: 0x370756ff0; archive = "<IDEArchive: 0x377414940>", distributionMethod="<IDEDistributionMethodiOSAppStoreDistribution: 0x377425a50>", team="<IDEProvisioningDisambiguatableBasicTeam: 0x32da2bde0; teamID='KS86K6AD9K', teamName='Andrew Platts', teamType='Individual', username='andrew.platts@hotmail.com', isFreeProvisioningTeam='0'>">
	<IDEDistributionContext: 0x16e2f7dc0; archive = "<IDEArchive: 0x377414940>", distributionMethod="<IDEDistributionMethodiOSAppStoreDistribution: 0x377425a50>", team="<IDEProvisioningDisambiguatableBasicTeam: 0x32da2bde0; teamID='KS86K6AD9K', teamName='Andrew Platts', teamType='Individual', username='andrew.platts@hotmail.com', isFreeProvisioningTeam='0'>">
	<IDEDistributionContext: 0x3707544b0; archive = "<IDEArchive: 0x377414940>", distributionMethod="<IDEDistributionMethodiOSAppStoreDistribution: 0x377425a50>", team="<IDEProvisioningDisambiguatableBasicTeam: 0x32da2bde0; teamID='KS86K6AD9K', teamName='Andrew Platts', teamType='Individual', username='andrew.platts@hotmail.com', isFreeProvisioningTeam='0'>">
	<IDEDistributionContext: 0x370764910; archive = "<IDEArchive: 0x377414940>", distributionMethod="<IDEDistributionMethodiOSAppStoreDistribution: 0x377425a50>", team="<IDEProvisioningDisambiguatableBasicTeam: 0x32da2bde0; teamID='KS86K6AD9K', teamName='Andrew Platts', teamType='Individual', username='andrew.platts@hotmail.com', isFreeProvisioningTeam='0'>">
	<IDEDistributionContext: 0x35173c790; archive = "<IDEArchive: 0x377414940>", distributionMethod="<IDEDistributionMethodiOSAppStoreDistribution: 0x377425a50>", team="<IDEProvisioningDisambiguatableBasicTeam: 0x32da2bde0; teamID='KS86K6AD9K', teamName='Andrew Platts', teamType='Individual', username='andrew.platts@hotmail.com', isFreeProvisioningTeam='0'>">
	<IDEDistributionContext: 0x3517997a0; archive = "<IDEArchive: 0x377414940>", distributionMethod="<IDEDistributionMethodiOSAppStoreDistribution: 0x377425a50>", team="(null)">
	<IDEDistributionContext: 0x3770c4ef0; archive = "<IDEArchive: 0x377414940>", distributionMethod="<IDEDistributionMethodiOSAppStoreDistribution: 0x377425a50>", team="(null)">
	<IDEDistributionContext: 0x35635ea60; archive = "<IDEArchive: 0x377414940>", distributionMethod="(null)", team="(null)">
	<IDEDistributionContext: 0x3517183e0; archive = "<IDEArchive: 0x377414940>", distributionMethod="(null)", team="(null)">
	<IDEDistributionContext: 0x36e59a9e0; archive = "<IDEArchive: 0x377414940>", distributionMethod="(null)", team="(null)">
</IDEDistributionProcessingPipelineContext: 0x35603b880>
2025-10-07 13:47:17 +0000  Processing step: IDEDistributionCreateDestRootStep
2025-10-07 13:47:17 +0000  Processing step: IDEDistributionCopyItemStep
2025-10-07 13:47:17 +0000  Running /usr/bin/ditto '-V' '/Users/uk-aplatts/Library/Developer/Xcode/Archives/2025-10-07/InjuryIQ 07-10-2025, 14.47.xcarchive/Products/Applications/InjuryIQ.app' '/var/folders/nx/0pc9xw4j3hb16chrbb1g5fkrqm2sj7/T/XcodeDistPipeline.~~~AuCnaD/Root/Payload/InjuryIQ.app'
2025-10-07 13:47:17 +0000  >>> Copying /Users/uk-aplatts/Library/Developer/Xcode/Archives/2025-10-07/InjuryIQ 07-10-2025, 14.47.xcarchive/Products/Applications/InjuryIQ.app 
2025-10-07 13:47:17 +0000  copying file ./FirebaseAuth_Privacy.bundle/PrivacyInfo.xcprivacy ... 
2025-10-07 13:47:17 +0000  2102 bytes for ./FirebaseAuth_Privacy.bundle/PrivacyInfo.xcprivacy
2025-10-07 13:47:17 +0000  copying file ./FirebaseAuth_Privacy.bundle/Info.plist ... 
2025-10-07 13:47:17 +0000  789 bytes for ./FirebaseAuth_Privacy.bundle/Info.plist
2025-10-07 13:47:17 +0000  copying file ./_CodeSignature/CodeResources ... 
2025-10-07 13:47:17 +0000  39707 bytes for ./_CodeSignature/CodeResources
2025-10-07 13:47:17 +0000  copying file ./Fontisto.ttf ... 
2025-10-07 13:47:17 +0000  313528 bytes for ./Fontisto.ttf
2025-10-07 13:47:17 +0000  copying file ./Octicons.ttf ... 
2025-10-07 13:47:17 +0000  49404 bytes for ./Octicons.ttf
2025-10-07 13:47:17 +0000  copying file ./Feather.ttf ... 
2025-10-07 13:47:17 +0000  56228 bytes for ./Feather.ttf
2025-10-07 13:47:17 +0000  copying file ./FirebaseCore_Privacy.bundle/PrivacyInfo.xcprivacy ... 
2025-10-07 13:47:17 +0000  855 bytes for ./FirebaseCore_Privacy.bundle/PrivacyInfo.xcprivacy
2025-10-07 13:47:17 +0000  copying file ./FirebaseCore_Privacy.bundle/Info.plist ... 
2025-10-07 13:47:17 +0000  789 bytes for ./FirebaseCore_Privacy.bundle/Info.plist
2025-10-07 13:47:17 +0000  copying file ./FontAwesome6_Regular.ttf ... 
2025-10-07 13:47:17 +0000  67976 bytes for ./FontAwesome6_Regular.ttf
2025-10-07 13:47:17 +0000  copying file ./Entypo.ttf ... 
2025-10-07 13:47:17 +0000  66200 bytes for ./Entypo.ttf
2025-10-07 13:47:17 +0000  copying file ./FontAwesome5_Brands.ttf ... 
2025-10-07 13:47:17 +0000  134040 bytes for ./FontAwesome5_Brands.ttf
2025-10-07 13:47:17 +0000  copying file ./MaterialCommunityIcons.ttf ... 
2025-10-07 13:47:17 +0000  1147844 bytes for ./MaterialCommunityIcons.ttf
2025-10-07 13:47:17 +0000  copying file ./glog_privacy.bundle/Info.plist ... 
2025-10-07 13:47:17 +0000  770 bytes for ./glog_privacy.bundle/Info.plist
2025-10-07 13:47:17 +0000  copying file ./FBLPromises_Privacy.bundle/PrivacyInfo.xcprivacy ... 
2025-10-07 13:47:17 +0000  373 bytes for ./FBLPromises_Privacy.bundle/PrivacyInfo.xcprivacy
copying file ./FBLPromises_Privacy.bundle/Info.plist ... 
2025-10-07 13:47:17 +0000  786 bytes for ./FBLPromises_Privacy.bundle/Info.plist
2025-10-07 13:47:17 +0000  copying file ./InjuryIQ ... 
2025-10-07 13:47:17 +0000  11655792 bytes for ./InjuryIQ
2025-10-07 13:47:17 +0000  copying file ./AppIcon60x60@2x.png ... 
16049 bytes for ./AppIcon60x60@2x.png
copying file ./AntDesign.ttf ... 
2025-10-07 13:47:17 +0000  70344 bytes for ./AntDesign.ttf
2025-10-07 13:47:17 +0000  copying file ./Foundation.ttf ... 
2025-10-07 13:47:17 +0000  56976 bytes for ./Foundation.ttf
copying file ./Ionicons.ttf ... 
2025-10-07 13:47:17 +0000  442604 bytes for ./Ionicons.ttf
2025-10-07 13:47:17 +0000  copying file ./FontAwesome5_Solid.ttf ... 
2025-10-07 13:47:17 +0000  202744 bytes for ./FontAwesome5_Solid.ttf
2025-10-07 13:47:17 +0000  copying file ./FirebaseCoreInternal_Privacy.bundle/PrivacyInfo.xcprivacy ... 
2025-10-07 13:47:17 +0000  855 bytes for ./FirebaseCoreInternal_Privacy.bundle/PrivacyInfo.xcprivacy
2025-10-07 13:47:17 +0000  copying file ./FirebaseCoreInternal_Privacy.bundle/Info.plist ... 
2025-10-07 13:47:17 +0000  805 bytes for ./FirebaseCoreInternal_Privacy.bundle/Info.plist
2025-10-07 13:47:17 +0000  copying file ./FontAwesome5_Regular.ttf ... 
2025-10-07 13:47:17 +0000  33736 bytes for ./FontAwesome5_Regular.ttf
2025-10-07 13:47:17 +0000  copying file ./RNDeviceInfoPrivacyInfo.bundle/PrivacyInfo.xcprivacy ... 
2025-10-07 13:47:17 +0000  1159 bytes for ./RNDeviceInfoPrivacyInfo.bundle/PrivacyInfo.xcprivacy
2025-10-07 13:47:17 +0000  copying file ./RNDeviceInfoPrivacyInfo.bundle/Info.plist ... 
2025-10-07 13:47:17 +0000  795 bytes for ./RNDeviceInfoPrivacyInfo.bundle/Info.plist
2025-10-07 13:47:17 +0000  copying file ./React-cxxreact_privacy.bundle/PrivacyInfo.xcprivacy ... 
2025-10-07 13:47:17 +0000  552 bytes for ./React-cxxreact_privacy.bundle/PrivacyInfo.xcprivacy
2025-10-07 13:47:17 +0000  copying file ./React-cxxreact_privacy.bundle/Info.plist ... 
2025-10-07 13:47:17 +0000  793 bytes for ./React-cxxreact_privacy.bundle/Info.plist
2025-10-07 13:47:17 +0000  copying file ./GTMAppAuth_Privacy.bundle/PrivacyInfo.xcprivacy ... 
2025-10-07 13:47:17 +0000  373 bytes for ./GTMAppAuth_Privacy.bundle/PrivacyInfo.xcprivacy
copying file ./GTMAppAuth_Privacy.bundle/Info.plist ... 
2025-10-07 13:47:17 +0000  784 bytes for ./GTMAppAuth_Privacy.bundle/Info.plist
2025-10-07 13:47:17 +0000  copying file ./GoogleService-Info.plist ... 
2025-10-07 13:47:17 +0000  761 bytes for ./GoogleService-Info.plist
2025-10-07 13:47:17 +0000  copying file ./FirebaseCoreExtension_Privacy.bundle/PrivacyInfo.xcprivacy ... 
2025-10-07 13:47:17 +0000  478 bytes for ./FirebaseCoreExtension_Privacy.bundle/PrivacyInfo.xcprivacy
2025-10-07 13:47:17 +0000  copying file ./FirebaseCoreExtension_Privacy.bundle/Info.plist ... 
2025-10-07 13:47:17 +0000  807 bytes for ./FirebaseCoreExtension_Privacy.bundle/Info.plist
2025-10-07 13:47:17 +0000  copying file ./FontAwesome.ttf ... 
2025-10-07 13:47:17 +0000  165548 bytes for ./FontAwesome.ttf
2025-10-07 13:47:17 +0000  copying file ./GTMSessionFetcher_Core_Privacy.bundle/PrivacyInfo.xcprivacy ... 
2025-10-07 13:47:17 +0000  598 bytes for ./GTMSessionFetcher_Core_Privacy.bundle/PrivacyInfo.xcprivacy
2025-10-07 13:47:17 +0000  copying file ./GTMSessionFetcher_Core_Privacy.bundle/Info.plist ... 
2025-10-07 13:47:17 +0000  808 bytes for ./GTMSessionFetcher_Core_Privacy.bundle/Info.plist
2025-10-07 13:47:17 +0000  copying file ./GoogleSignIn.bundle/de.lproj/GoogleSignIn.strings ... 
2025-10-07 13:47:17 +0000  1703 bytes for ./GoogleSignIn.bundle/de.lproj/GoogleSignIn.strings
2025-10-07 13:47:17 +0000  copying file ./GoogleSignIn.bundle/he.lproj/GoogleSignIn.strings ... 
2025-10-07 13:47:17 +0000  1780 bytes for ./GoogleSignIn.bundle/he.lproj/GoogleSignIn.strings
2025-10-07 13:47:17 +0000  copying file ./GoogleSignIn.bundle/ar.lproj/GoogleSignIn.strings ... 
2025-10-07 13:47:17 +0000  1759 bytes for ./GoogleSignIn.bundle/ar.lproj/GoogleSignIn.strings
2025-10-07 13:47:17 +0000  copying file ./GoogleSignIn.bundle/el.lproj/GoogleSignIn.strings ... 
2025-10-07 13:47:17 +0000  2103 bytes for ./GoogleSignIn.bundle/el.lproj/GoogleSignIn.strings
2025-10-07 13:47:17 +0000  copying file ./GoogleSignIn.bundle/ja.lproj/GoogleSignIn.strings ... 
2025-10-07 13:47:17 +0000  1711 bytes for ./GoogleSignIn.bundle/ja.lproj/GoogleSignIn.strings
2025-10-07 13:47:17 +0000  copying file ./GoogleSignIn.bundle/en.lproj/GoogleSignIn.strings ... 
2025-10-07 13:47:17 +0000  1547 bytes for ./GoogleSignIn.bundle/en.lproj/GoogleSignIn.strings
2025-10-07 13:47:17 +0000  copying file ./GoogleSignIn.bundle/uk.lproj/GoogleSignIn.strings ... 
2025-10-07 13:47:17 +0000  1864 bytes for ./GoogleSignIn.bundle/uk.lproj/GoogleSignIn.strings
2025-10-07 13:47:17 +0000  copying file ./GoogleSignIn.bundle/es_MX.lproj/GoogleSignIn.strings ... 
2025-10-07 13:47:17 +0000  1607 bytes for ./GoogleSignIn.bundle/es_MX.lproj/GoogleSignIn.strings
2025-10-07 13:47:17 +0000  copying file ./GoogleSignIn.bundle/zh_CN.lproj/GoogleSignIn.strings ... 
2025-10-07 13:47:17 +0000  1489 bytes for ./GoogleSignIn.bundle/zh_CN.lproj/GoogleSignIn.strings
2025-10-07 13:47:17 +0000  copying file ./GoogleSignIn.bundle/nb.lproj/GoogleSignIn.strings ... 
2025-10-07 13:47:17 +0000  1593 bytes for ./GoogleSignIn.bundle/nb.lproj/GoogleSignIn.strings
2025-10-07 13:47:17 +0000  copying file ./GoogleSignIn.bundle/es.lproj/GoogleSignIn.strings ... 
2025-10-07 13:47:17 +0000  1678 bytes for ./GoogleSignIn.bundle/es.lproj/GoogleSignIn.strings
2025-10-07 13:47:17 +0000  copying file ./GoogleSignIn.bundle/pt_BR.lproj/GoogleSignIn.strings ... 
2025-10-07 13:47:17 +0000  1608 bytes for ./GoogleSignIn.bundle/pt_BR.lproj/GoogleSignIn.strings
2025-10-07 13:47:17 +0000  copying file ./GoogleSignIn.bundle/da.lproj/GoogleSignIn.strings ... 
2025-10-07 13:47:17 +0000  1611 bytes for ./GoogleSignIn.bundle/da.lproj/GoogleSignIn.strings
2025-10-07 13:47:17 +0000  copying file ./GoogleSignIn.bundle/it.lproj/GoogleSignIn.strings ... 
2025-10-07 13:47:17 +0000  1570 bytes for ./GoogleSignIn.bundle/it.lproj/GoogleSignIn.strings
2025-10-07 13:47:17 +0000  copying file ./GoogleSignIn.bundle/sk.lproj/GoogleSignIn.strings ... 
2025-10-07 13:47:17 +0000  1665 bytes for ./GoogleSignIn.bundle/sk.lproj/GoogleSignIn.strings
2025-10-07 13:47:17 +0000  copying file ./GoogleSignIn.bundle/pt_PT.lproj/GoogleSignIn.strings ... 
2025-10-07 13:47:17 +0000  1646 bytes for ./GoogleSignIn.bundle/pt_PT.lproj/GoogleSignIn.strings
2025-10-07 13:47:17 +0000  copying file ./GoogleSignIn.bundle/google@3x.png ... 
2025-10-07 13:47:17 +0000  1773 bytes for ./GoogleSignIn.bundle/google@3x.png
2025-10-07 13:47:17 +0000  copying file ./GoogleSignIn.bundle/ms.lproj/GoogleSignIn.strings ... 
2025-10-07 13:47:17 +0000  1565 bytes for ./GoogleSignIn.bundle/ms.lproj/GoogleSignIn.strings
2025-10-07 13:47:17 +0000  copying file ./GoogleSignIn.bundle/sv.lproj/GoogleSignIn.strings ... 
2025-10-07 13:47:17 +0000  1579 bytes for ./GoogleSignIn.bundle/sv.lproj/GoogleSignIn.strings
2025-10-07 13:47:17 +0000  copying file ./GoogleSignIn.bundle/cs.lproj/GoogleSignIn.strings ... 
2025-10-07 13:47:17 +0000  1615 bytes for ./GoogleSignIn.bundle/cs.lproj/GoogleSignIn.strings
2025-10-07 13:47:17 +0000  copying file ./GoogleSignIn.bundle/google@2x.png ... 
2025-10-07 13:47:17 +0000  1166 bytes for ./GoogleSignIn.bundle/google@2x.png
2025-10-07 13:47:17 +0000  copying file ./GoogleSignIn.bundle/ko.lproj/GoogleSignIn.strings ... 
2025-10-07 13:47:17 +0000  1634 bytes for ./GoogleSignIn.bundle/ko.lproj/GoogleSignIn.strings
2025-10-07 13:47:17 +0000  copying file ./GoogleSignIn.bundle/hu.lproj/GoogleSignIn.strings ... 
2025-10-07 13:47:17 +0000  1663 bytes for ./GoogleSignIn.bundle/hu.lproj/GoogleSignIn.strings
2025-10-07 13:47:17 +0000  copying file ./GoogleSignIn.bundle/tr.lproj/GoogleSignIn.strings ... 
2025-10-07 13:47:17 +0000  1596 bytes for ./GoogleSignIn.bundle/tr.lproj/GoogleSignIn.strings
2025-10-07 13:47:17 +0000  copying file ./GoogleSignIn.bundle/pl.lproj/GoogleSignIn.strings ... 
2025-10-07 13:47:17 +0000  1578 bytes for ./GoogleSignIn.bundle/pl.lproj/GoogleSignIn.strings
2025-10-07 13:47:17 +0000  copying file ./GoogleSignIn.bundle/zh_TW.lproj/GoogleSignIn.strings ... 
2025-10-07 13:47:17 +0000  1525 bytes for ./GoogleSignIn.bundle/zh_TW.lproj/GoogleSignIn.strings
2025-10-07 13:47:17 +0000  copying file ./GoogleSignIn.bundle/en_GB.lproj/GoogleSignIn.strings ... 
2025-10-07 13:47:17 +0000  1547 bytes for ./GoogleSignIn.bundle/en_GB.lproj/GoogleSignIn.strings
2025-10-07 13:47:17 +0000  copying file ./GoogleSignIn.bundle/vi.lproj/GoogleSignIn.strings ... 
2025-10-07 13:47:17 +0000  1717 bytes for ./GoogleSignIn.bundle/vi.lproj/GoogleSignIn.strings
2025-10-07 13:47:17 +0000  copying file ./GoogleSignIn.bundle/PrivacyInfo.xcprivacy ... 
2025-10-07 13:47:17 +0000  3756 bytes for ./GoogleSignIn.bundle/PrivacyInfo.xcprivacy
2025-10-07 13:47:17 +0000  copying file ./GoogleSignIn.bundle/ru.lproj/GoogleSignIn.strings ... 
2025-10-07 13:47:17 +0000  1954 bytes for ./GoogleSignIn.bundle/ru.lproj/GoogleSignIn.strings
2025-10-07 13:47:17 +0000  copying file ./GoogleSignIn.bundle/fr_CA.lproj/GoogleSignIn.strings ... 
2025-10-07 13:47:17 +0000  1657 bytes for ./GoogleSignIn.bundle/fr_CA.lproj/GoogleSignIn.strings
2025-10-07 13:47:17 +0000  copying file ./GoogleSignIn.bundle/fr.lproj/GoogleSignIn.strings ... 
2025-10-07 13:47:17 +0000  1676 bytes for ./GoogleSignIn.bundle/fr.lproj/GoogleSignIn.strings
2025-10-07 13:47:17 +0000  copying file ./GoogleSignIn.bundle/fi.lproj/GoogleSignIn.strings ... 
2025-10-07 13:47:17 +0000  1640 bytes for ./GoogleSignIn.bundle/fi.lproj/GoogleSignIn.strings
2025-10-07 13:47:17 +0000  copying file ./GoogleSignIn.bundle/id.lproj/GoogleSignIn.strings ... 
2025-10-07 13:47:17 +0000  1553 bytes for ./GoogleSignIn.bundle/id.lproj/GoogleSignIn.strings
2025-10-07 13:47:17 +0000  copying file ./GoogleSignIn.bundle/nl.lproj/GoogleSignIn.strings ... 
2025-10-07 13:47:17 +0000  1606 bytes for ./GoogleSignIn.bundle/nl.lproj/GoogleSignIn.strings
2025-10-07 13:47:17 +0000  copying file ./GoogleSignIn.bundle/th.lproj/GoogleSignIn.strings ... 
2025-10-07 13:47:17 +0000  2133 bytes for ./GoogleSignIn.bundle/th.lproj/GoogleSignIn.strings
2025-10-07 13:47:17 +0000  copying file ./GoogleSignIn.bundle/pt.lproj/GoogleSignIn.strings ... 
2025-10-07 13:47:17 +0000  1608 bytes for ./GoogleSignIn.bundle/pt.lproj/GoogleSignIn.strings
2025-10-07 13:47:17 +0000  copying file ./GoogleSignIn.bundle/google.png ... 
2025-10-07 13:47:17 +0000  643 bytes for ./GoogleSignIn.bundle/google.png
2025-10-07 13:47:17 +0000  copying file ./GoogleSignIn.bundle/Roboto-Bold.ttf ... 
2025-10-07 13:47:17 +0000  127744 bytes for ./GoogleSignIn.bundle/Roboto-Bold.ttf
2025-10-07 13:47:17 +0000  copying file ./GoogleSignIn.bundle/ro.lproj/GoogleSignIn.strings ... 
2025-10-07 13:47:17 +0000  1598 bytes for ./GoogleSignIn.bundle/ro.lproj/GoogleSignIn.strings
copying file ./GoogleSignIn.bundle/Info.plist ... 
2025-10-07 13:47:17 +0000  770 bytes for ./GoogleSignIn.bundle/Info.plist
2025-10-07 13:47:17 +0000  copying file ./GoogleSignIn.bundle/hr.lproj/GoogleSignIn.strings ... 
2025-10-07 13:47:17 +0000  1621 bytes for ./GoogleSignIn.bundle/hr.lproj/GoogleSignIn.strings
2025-10-07 13:47:17 +0000  copying file ./GoogleSignIn.bundle/hi.lproj/GoogleSignIn.strings ... 
2025-10-07 13:47:17 +0000  2286 bytes for ./GoogleSignIn.bundle/hi.lproj/GoogleSignIn.strings
2025-10-07 13:47:17 +0000  copying file ./GoogleSignIn.bundle/ca.lproj/GoogleSignIn.strings ... 
2025-10-07 13:47:17 +0000  1669 bytes for ./GoogleSignIn.bundle/ca.lproj/GoogleSignIn.strings
2025-10-07 13:47:17 +0000  copying file ./Zocial.ttf ... 
2025-10-07 13:47:17 +0000  25788 bytes for ./Zocial.ttf
2025-10-07 13:47:17 +0000  copying file ./RCT-Folly_privacy.bundle/Info.plist ... 
2025-10-07 13:47:17 +0000  787 bytes for ./RCT-Folly_privacy.bundle/Info.plist
2025-10-07 13:47:17 +0000  copying file ./RNPermissionsPrivacyInfo.bundle/PrivacyInfo.xcprivacy ... 
2025-10-07 13:47:17 +0000  598 bytes for ./RNPermissionsPrivacyInfo.bundle/PrivacyInfo.xcprivacy
2025-10-07 13:47:17 +0000  copying file ./RNPermissionsPrivacyInfo.bundle/Info.plist ... 
2025-10-07 13:47:17 +0000  796 bytes for ./RNPermissionsPrivacyInfo.bundle/Info.plist
2025-10-07 13:47:17 +0000  copying file ./Assets.car ... 
2025-10-07 13:47:17 +0000  3796536 bytes for ./Assets.car
2025-10-07 13:47:17 +0000  copying file ./EvilIcons.ttf ... 
13456 bytes for ./EvilIcons.ttf
copying file ./AppIcon76x76@2x~ipad.png ... 
2025-10-07 13:47:17 +0000  24234 bytes for ./AppIcon76x76@2x~ipad.png
2025-10-07 13:47:17 +0000  copying file ./AppAuthCore_Privacy.bundle/PrivacyInfo.xcprivacy ... 
2025-10-07 13:47:17 +0000  391 bytes for ./AppAuthCore_Privacy.bundle/PrivacyInfo.xcprivacy
2025-10-07 13:47:17 +0000  copying file ./AppAuthCore_Privacy.bundle/Info.plist ... 
2025-10-07 13:47:17 +0000  786 bytes for ./AppAuthCore_Privacy.bundle/Info.plist
2025-10-07 13:47:17 +0000  copying file ./GoogleUtilities_Privacy.bundle/PrivacyInfo.xcprivacy ... 
2025-10-07 13:47:17 +0000  1233 bytes for ./GoogleUtilities_Privacy.bundle/PrivacyInfo.xcprivacy
2025-10-07 13:47:17 +0000  copying file ./GoogleUtilities_Privacy.bundle/Info.plist ... 
2025-10-07 13:47:17 +0000  794 bytes for ./GoogleUtilities_Privacy.bundle/Info.plist
2025-10-07 13:47:17 +0000  copying file ./main.jsbundle ... 
2025-10-07 13:47:17 +0000  5536766 bytes for ./main.jsbundle
2025-10-07 13:47:17 +0000  copying file ./FontAwesome6_Solid.ttf ... 
2025-10-07 13:47:17 +0000  423676 bytes for ./FontAwesome6_Solid.ttf
2025-10-07 13:47:17 +0000  copying file ./PrivacyInfo.xcprivacy ... 
2025-10-07 13:47:17 +0000  491 bytes for ./PrivacyInfo.xcprivacy
2025-10-07 13:47:17 +0000  copying file ./LaunchScreen.storyboardc/01J-lp-oVM-view-Ze5-6b-2t3.nib ... 
2025-10-07 13:47:17 +0000  3959 bytes for ./LaunchScreen.storyboardc/01J-lp-oVM-view-Ze5-6b-2t3.nib
2025-10-07 13:47:17 +0000  copying file ./LaunchScreen.storyboardc/UIViewController-01J-lp-oVM.nib ... 
2025-10-07 13:47:17 +0000  924 bytes for ./LaunchScreen.storyboardc/UIViewController-01J-lp-oVM.nib
2025-10-07 13:47:17 +0000  copying file ./LaunchScreen.storyboardc/Info.plist ... 
2025-10-07 13:47:17 +0000  258 bytes for ./LaunchScreen.storyboardc/Info.plist
2025-10-07 13:47:17 +0000  copying file ./RNSVGFilters.bundle/RNSVGArithmeticFilter.iphoneos.metallib ... 
2025-10-07 13:47:17 +0000  3993 bytes for ./RNSVGFilters.bundle/RNSVGArithmeticFilter.iphoneos.metallib
2025-10-07 13:47:17 +0000  copying file ./RNSVGFilters.bundle/RNSVGCompositeXor.iphoneos.metallib ... 
2025-10-07 13:47:17 +0000  3509 bytes for ./RNSVGFilters.bundle/RNSVGCompositeXor.iphoneos.metallib
2025-10-07 13:47:17 +0000  copying file ./RNSVGFilters.bundle/Info.plist ... 
2025-10-07 13:47:17 +0000  772 bytes for ./RNSVGFilters.bundle/Info.plist
2025-10-07 13:47:17 +0000  copying file ./boost_privacy.bundle/Info.plist ... 
2025-10-07 13:47:17 +0000  773 bytes for ./boost_privacy.bundle/Info.plist
2025-10-07 13:47:17 +0000  copying file ./Frameworks/hermes.framework/_CodeSignature/CodeResources ... 
2025-10-07 13:47:17 +0000  1798 bytes for ./Frameworks/hermes.framework/_CodeSignature/CodeResources
2025-10-07 13:47:17 +0000  copying file ./Frameworks/hermes.framework/hermes ... 
2025-10-07 13:47:17 +0000  4755616 bytes for ./Frameworks/hermes.framework/hermes
copying file ./Frameworks/hermes.framework/Info.plist ... 
2025-10-07 13:47:17 +0000  859 bytes for ./Frameworks/hermes.framework/Info.plist
copying file ./SimpleLineIcons.ttf ... 
2025-10-07 13:47:17 +0000  54056 bytes for ./SimpleLineIcons.ttf
2025-10-07 13:47:17 +0000  copying file ./FontAwesome6_Brands.ttf ... 
2025-10-07 13:47:17 +0000  209376 bytes for ./FontAwesome6_Brands.ttf
2025-10-07 13:47:17 +0000  copying file ./embedded.mobileprovision ... 
2025-10-07 13:47:17 +0000  12480 bytes for ./embedded.mobileprovision
2025-10-07 13:47:17 +0000  copying file ./assets/node_modules/@react-navigation/elements/lib/module/assets/back-icon@3x.png ... 
2025-10-07 13:47:17 +0000  761 bytes for ./assets/node_modules/@react-navigation/elements/lib/module/assets/back-icon@3x.png
copying file ./assets/node_modules/@react-navigation/elements/lib/module/assets/back-icon@2x.png ... 
2025-10-07 13:47:17 +0000  405 bytes for ./assets/node_modules/@react-navigation/elements/lib/module/assets/back-icon@2x.png
2025-10-07 13:47:17 +0000  copying file ./assets/node_modules/@react-navigation/elements/lib/module/assets/search-icon@2x.png ... 
2025-10-07 13:47:17 +0000  589 bytes for ./assets/node_modules/@react-navigation/elements/lib/module/assets/search-icon@2x.png
2025-10-07 13:47:17 +0000  copying file ./assets/node_modules/@react-navigation/elements/lib/module/assets/clear-icon@3x.png ... 
2025-10-07 13:47:17 +0000  502 bytes for ./assets/node_modules/@react-navigation/elements/lib/module/assets/clear-icon@3x.png
2025-10-07 13:47:17 +0000  copying file ./assets/node_modules/@react-navigation/elements/lib/module/assets/back-icon.png ... 
2025-10-07 13:47:17 +0000  290 bytes for ./assets/node_modules/@react-navigation/elements/lib/module/assets/back-icon.png
2025-10-07 13:47:17 +0000  copying file ./assets/node_modules/@react-navigation/elements/lib/module/assets/clear-icon@2x.png ... 
2025-10-07 13:47:17 +0000  334 bytes for ./assets/node_modules/@react-navigation/elements/lib/module/assets/clear-icon@2x.png
2025-10-07 13:47:17 +0000  copying file ./assets/node_modules/@react-navigation/elements/lib/module/assets/search-icon@3x.png ... 
2025-10-07 13:47:17 +0000  839 bytes for ./assets/node_modules/@react-navigation/elements/lib/module/assets/search-icon@3x.png
2025-10-07 13:47:17 +0000  copying file ./assets/node_modules/@react-navigation/elements/lib/module/assets/close-icon.png ... 
2025-10-07 13:47:17 +0000  141 bytes for ./assets/node_modules/@react-navigation/elements/lib/module/assets/close-icon.png
2025-10-07 13:47:17 +0000  copying file ./assets/node_modules/@react-navigation/elements/lib/module/assets/back-icon-mask.png ... 
2025-10-07 13:47:17 +0000  653 bytes for ./assets/node_modules/@react-navigation/elements/lib/module/assets/back-icon-mask.png
2025-10-07 13:47:17 +0000  copying file ./assets/node_modules/@react-navigation/elements/lib/module/assets/close-icon@2x.png ... 
2025-10-07 13:47:17 +0000  201 bytes for ./assets/node_modules/@react-navigation/elements/lib/module/assets/close-icon@2x.png
copying file ./assets/node_modules/@react-navigation/elements/lib/module/assets/close-icon@3x.png ... 
2025-10-07 13:47:17 +0000  266 bytes for ./assets/node_modules/@react-navigation/elements/lib/module/assets/close-icon@3x.png
2025-10-07 13:47:17 +0000  copying file ./assets/node_modules/@react-navigation/elements/lib/module/assets/clear-icon.png ... 
2025-10-07 13:47:17 +0000  220 bytes for ./assets/node_modules/@react-navigation/elements/lib/module/assets/clear-icon.png
2025-10-07 13:47:17 +0000  copying file ./assets/node_modules/@react-navigation/elements/lib/module/assets/search-icon.png ... 
2025-10-07 13:47:17 +0000  317 bytes for ./assets/node_modules/@react-navigation/elements/lib/module/assets/search-icon.png
2025-10-07 13:47:17 +0000  copying file ./assets/node_modules/react-native-paper/src/assets/back-chevron.png ... 
2025-10-07 13:47:17 +0000  489 bytes for ./assets/node_modules/react-native-paper/src/assets/back-chevron.png
2025-10-07 13:47:17 +0000  copying file ./assets/assets/single-runner.png ... 
2025-10-07 13:47:17 +0000  2344103 bytes for ./assets/assets/single-runner.png
2025-10-07 13:47:17 +0000  copying file ./Info.plist ... 
2025-10-07 13:47:17 +0000  4109 bytes for ./Info.plist
copying file ./PkgInfo ... 
2025-10-07 13:47:17 +0000  8 bytes for ./PkgInfo
copying file ./MaterialIcons.ttf ... 
2025-10-07 13:47:17 +0000  356840 bytes for ./MaterialIcons.ttf
2025-10-07 13:47:17 +0000  copying file ./React-Core_privacy.bundle/PrivacyInfo.xcprivacy ... 
2025-10-07 13:47:17 +0000  768 bytes for ./React-Core_privacy.bundle/PrivacyInfo.xcprivacy
copying file ./React-Core_privacy.bundle/Info.plist ... 
2025-10-07 13:47:17 +0000  785 bytes for ./React-Core_privacy.bundle/Info.plist
2025-10-07 13:47:17 +0000  /usr/bin/ditto exited with 0
2025-10-07 13:47:17 +0000  Processing step: IDEDistributionEmbedProfileStep
2025-10-07 13:47:17 +0000  Skipping profile for item: <IDEDistributionItem: 0x36cf12520; bundleID='dev.hermesengine.iphoneos', path='<DVTFilePath:0x377484fd0:'/Users/uk-aplatts/Library/Developer/Xcode/Archives/2025-10-07/InjuryIQ 07-10-2025, 14.47.xcarchive/Products/Applications/InjuryIQ.app/Frameworks/hermes.framework'>', codeSigningInfo='<_DVTCodeSigningInformation_Path: 0x36cfb4c50; isSigned='1', isAdHocSigned='0', signingCertificate='<DVTSigningCertificate: 0x36c9c7fb0; name='Apple Development: Andrew Platts (JPQFW88HYQ)', hash='5B86ED4B3A7C9F2B76D34BCF7E9049F178B7A8F4', serialNumber='409D0D2F474B39E9631339966B46C1A2', certificateKinds='(
    "1.2.840.113635.100.6.1.12",
    "1.2.840.113635.100.6.1.2"
), issueDate='2025-09-02 08:05:25 +0000''>', entitlements='(null)', teamID='KS86K6AD9K', identifier='dev.hermesengine.iphoneos', executablePath='<DVTFilePath:0x37742db10:'/Users/uk-aplatts/Library/Developer/Xcode/Archives/2025-10-07/InjuryIQ 07-10-2025, 14.47.xcarchive/Products/Applications/InjuryIQ.app/Frameworks/hermes.framework/hermes'>', hardenedRuntime='0'>'>
2025-10-07 13:47:17 +0000  Processing step: IDEDistributionInfoPlistStep
2025-10-07 13:47:17 +0000  Skipping Info.plist step because item: <IDEDistributionItem: 0x36cf12520; bundleID='dev.hermesengine.iphoneos', path='<DVTFilePath:0x377484fd0:'/Users/uk-aplatts/Library/Developer/Xcode/Archives/2025-10-07/InjuryIQ 07-10-2025, 14.47.xcarchive/Products/Applications/InjuryIQ.app/Frameworks/hermes.framework'>', codeSigningInfo='<_DVTCodeSigningInformation_Path: 0x36cfb4c50; isSigned='1', isAdHocSigned='0', signingCertificate='<DVTSigningCertificate: 0x376ffcd80; name='Apple Development: Andrew Platts (JPQFW88HYQ)', hash='5B86ED4B3A7C9F2B76D34BCF7E9049F178B7A8F4', serialNumber='409D0D2F474B39E9631339966B46C1A2', certificateKinds='(
    "1.2.840.113635.100.6.1.12",
    "1.2.840.113635.100.6.1.2"
), issueDate='2025-09-02 08:05:25 +0000''>', entitlements='(null)', teamID='KS86K6AD9K', identifier='dev.hermesengine.iphoneos', executablePath='<DVTFilePath:0x37742db10:'/Users/uk-aplatts/Library/Developer/Xcode/Archives/2025-10-07/InjuryIQ 07-10-2025, 14.47.xcarchive/Products/Applications/InjuryIQ.app/Frameworks/hermes.framework/hermes'>', hardenedRuntime='0'>'> is a framework or embedded in a framework.
2025-10-07 13:47:17 +0000  Skipping setting DTXcodeBuildDistribution because toolsBuildVersionName was nil.
2025-10-07 13:47:17 +0000  Processing step: IDEDistributionItemRemovalStep
2025-10-07 13:47:17 +0000  Processing step: IDEDistributionAppThinningPlistStep
2025-10-07 13:47:17 +0000  Skipping step: IDEDistributionAppThinningPlistStep because it said so
2025-10-07 13:47:17 +0000  Processing step: IDEDistributionSymbolsStep
2025-10-07 13:47:17 +0000  Writing /var/folders/nx/0pc9xw4j3hb16chrbb1g5fkrqm2sj7/T/XcodeDistPipeline.~~~AuCnaD/Symbols/EE77E743-93D7-3009-B6B4-C7EC7B7E7A2A.symbols
2025-10-07 13:47:17 +0000  Upload Symbols Failed
2025-10-07 13:47:17 +0000  Processing step: IDEDistributionCopyAppleProvidedContentStep
2025-10-07 13:47:17 +0000  Processing step: IDEDistributionAppThinningStep
2025-10-07 13:47:17 +0000  Skipping step: IDEDistributionAppThinningStep because it said so
2025-10-07 13:47:17 +0000  Processing step: IDEDistributionArchThinningStep
2025-10-07 13:47:17 +0000  Archs to thin for item /Users/uk-aplatts/Library/Developer/Xcode/Archives/2025-10-07/InjuryIQ 07-10-2025, 14.47.xcarchive/Products/Applications/InjuryIQ.app/Frameworks/hermes.framework are []
2025-10-07 13:47:17 +0000  Archs to thin for item /Users/uk-aplatts/Library/Developer/Xcode/Archives/2025-10-07/InjuryIQ 07-10-2025, 14.47.xcarchive/Products/Applications/InjuryIQ.app are []
2025-10-07 13:47:17 +0000  Processing step: IDEDistributionODRStep
2025-10-07 13:47:17 +0000  Processing step: IDEDistributionStripXattrsStep
2025-10-07 13:47:17 +0000  Skipping stripping extended attributes because the codesign step will strip them.
2025-10-07 13:47:17 +0000  Skipping stripping extended attributes because the codesign step will strip them.
2025-10-07 13:47:17 +0000  Processing step: IDEDistributionCodesignStep
2025-10-07 13:47:17 +0000  Entitlements for <IDEDistributionItem: 0x36cf12520; bundleID='dev.hermesengine.iphoneos', path='<DVTFilePath:0x377484fd0:'/Users/uk-aplatts/Library/Developer/Xcode/Archives/2025-10-07/InjuryIQ 07-10-2025, 14.47.xcarchive/Products/Applications/InjuryIQ.app/Frameworks/hermes.framework'>', codeSigningInfo='<_DVTCodeSigningInformation_Path: 0x36cfb4c50; isSigned='1', isAdHocSigned='0', signingCertificate='<DVTSigningCertificate: 0x16dfc9ff0; name='Apple Development: Andrew Platts (JPQFW88HYQ)', hash='5B86ED4B3A7C9F2B76D34BCF7E9049F178B7A8F4', serialNumber='409D0D2F474B39E9631339966B46C1A2', certificateKinds='(
    "1.2.840.113635.100.6.1.12",
    "1.2.840.113635.100.6.1.2"
), issueDate='2025-09-02 08:05:25 +0000''>', entitlements='(null)', teamID='KS86K6AD9K', identifier='dev.hermesengine.iphoneos', executablePath='<DVTFilePath:0x37742db10:'/Users/uk-aplatts/Library/Developer/Xcode/Archives/2025-10-07/InjuryIQ 07-10-2025, 14.47.xcarchive/Products/Applications/InjuryIQ.app/Frameworks/hermes.framework/hermes'>', hardenedRuntime='0'>'>: {
}
2025-10-07 13:47:17 +0000  Associated App Clip Identifiers Filter: Skipping because "com.apple.developer.associated-appclip-app-identifiers" is not present
2025-10-07 13:47:17 +0000  Entitlements for <IDEDistributionItem: 0x36cf12520; bundleID='dev.hermesengine.iphoneos', path='<DVTFilePath:0x377484fd0:'/Users/uk-aplatts/Library/Developer/Xcode/Archives/2025-10-07/InjuryIQ 07-10-2025, 14.47.xcarchive/Products/Applications/InjuryIQ.app/Frameworks/hermes.framework'>', codeSigningInfo='<_DVTCodeSigningInformation_Path: 0x36cfb4c50; isSigned='1', isAdHocSigned='0', signingCertificate='<DVTSigningCertificate: 0x36cf10fc0; name='Apple Development: Andrew Platts (JPQFW88HYQ)', hash='5B86ED4B3A7C9F2B76D34BCF7E9049F178B7A8F4', serialNumber='409D0D2F474B39E9631339966B46C1A2', certificateKinds='(
    "1.2.840.113635.100.6.1.12",
    "1.2.840.113635.100.6.1.2"
), issueDate='2025-09-02 08:05:25 +0000''>', entitlements='(null)', teamID='KS86K6AD9K', identifier='dev.hermesengine.iphoneos', executablePath='<DVTFilePath:0x37742db10:'/Users/uk-aplatts/Library/Developer/Xcode/Archives/2025-10-07/InjuryIQ 07-10-2025, 14.47.xcarchive/Products/Applications/InjuryIQ.app/Frameworks/hermes.framework/hermes'>', hardenedRuntime='0'>'> are: {
}
2025-10-07 13:47:17 +0000  Writing entitlements for <IDEDistributionItem: 0x36cf12520; bundleID='dev.hermesengine.iphoneos', path='<DVTFilePath:0x377484fd0:'/Users/uk-aplatts/Library/Developer/Xcode/Archives/2025-10-07/InjuryIQ 07-10-2025, 14.47.xcarchive/Products/Applications/InjuryIQ.app/Frameworks/hermes.framework'>', codeSigningInfo='<_DVTCodeSigningInformation_Path: 0x36cfb4c50; isSigned='1', isAdHocSigned='0', signingCertificate='<DVTSigningCertificate: 0x351095460; name='Apple Development: Andrew Platts (JPQFW88HYQ)', hash='5B86ED4B3A7C9F2B76D34BCF7E9049F178B7A8F4', serialNumber='409D0D2F474B39E9631339966B46C1A2', certificateKinds='(
    "1.2.840.113635.100.6.1.12",
    "1.2.840.113635.100.6.1.2"
), issueDate='2025-09-02 08:05:25 +0000''>', entitlements='(null)', teamID='KS86K6AD9K', identifier='dev.hermesengine.iphoneos', executablePath='<DVTFilePath:0x37742db10:'/Users/uk-aplatts/Library/Developer/Xcode/Archives/2025-10-07/InjuryIQ 07-10-2025, 14.47.xcarchive/Products/Applications/InjuryIQ.app/Frameworks/hermes.framework/hermes'>', hardenedRuntime='0'>'> to: /var/folders/nx/0pc9xw4j3hb16chrbb1g5fkrqm2sj7/T/XcodeDistPipeline.~~~AuCnaD/entitlements~~~gaajyU
2025-10-07 13:47:17 +0000  invoking codesign: <NSConcreteTask: 0x37745f9d0; launchPath='/usr/bin/codesign', arguments='(
    "-f",
    "-s",
    B2D795C48ECD975DFE65E24F680006EBF8CCC2B1,
    "--entitlements",
    "/var/folders/nx/0pc9xw4j3hb16chrbb1g5fkrqm2sj7/T/XcodeDistPipeline.~~~AuCnaD/entitlements~~~gaajyU",
    "--preserve-metadata=identifier,flags,runtime,launch-constraints,library-constraints",
    "--generate-entitlement-der",
    "--strip-disallowed-xattrs",
    "-vvv",
    "/var/folders/nx/0pc9xw4j3hb16chrbb1g5fkrqm2sj7/T/XcodeDistPipeline.~~~AuCnaD/Root/Payload/InjuryIQ.app/Frameworks/hermes.framework"
)'>
2025-10-07 13:47:18 +0000  codesign output: /var/folders/nx/0pc9xw4j3hb16chrbb1g5fkrqm2sj7/T/XcodeDistPipeline.~~~AuCnaD/Root/Payload/InjuryIQ.app/Frameworks/hermes.framework: replacing existing signature
/var/folders/nx/0pc9xw4j3hb16chrbb1g5fkrqm2sj7/T/XcodeDistPipeline.~~~AuCnaD/Root/Payload/InjuryIQ.app/Frameworks/hermes.framework: signed bundle with Mach-O thin (arm64) [dev.hermesengine.iphoneos]
2025-10-07 13:47:18 +0000  Entitlements for <IDEDistributionItem: 0x36c9c9ab0; bundleID='org.InjuryIQ', path='<DVTFilePath:0x36d3ec8f0:'/Users/uk-aplatts/Library/Developer/Xcode/Archives/2025-10-07/InjuryIQ 07-10-2025, 14.47.xcarchive/Products/Applications/InjuryIQ.app'>', codeSigningInfo='<_DVTCodeSigningInformation_Path: 0x36cf17000; isSigned='1', isAdHocSigned='0', signingCertificate='<DVTSigningCertificate: 0x35ea268c0; name='Apple Development: Andrew Platts (JPQFW88HYQ)', hash='5B86ED4B3A7C9F2B76D34BCF7E9049F178B7A8F4', serialNumber='409D0D2F474B39E9631339966B46C1A2', certificateKinds='(
    "1.2.840.113635.100.6.1.12",
    "1.2.840.113635.100.6.1.2"
), issueDate='2025-09-02 08:05:25 +0000''>', entitlements='{
    "application-identifier" = "KS86K6AD9K.org.InjuryIQ";
    "com.apple.developer.team-identifier" = KS86K6AD9K;
    "com.apple.developer.weatherkit" = 1;
    "get-task-allow" = 1;
}', teamID='KS86K6AD9K', identifier='org.InjuryIQ', executablePath='<DVTFilePath:0x36c9e76a0:'/Users/uk-aplatts/Library/Developer/Xcode/Archives/2025-10-07/InjuryIQ 07-10-2025, 14.47.xcarchive/Products/Applications/InjuryIQ.app/InjuryIQ'>', hardenedRuntime='0'>'>: {
    "application-identifier" = "KS86K6AD9K.org.InjuryIQ";
    "beta-reports-active" = 1;
    "com.apple.developer.team-identifier" = KS86K6AD9K;
    "com.apple.developer.weatherkit" = 1;
    "get-task-allow" = 0;
}
2025-10-07 13:47:18 +0000  Associated App Clip Identifiers Filter: Skipping because "com.apple.developer.associated-appclip-app-identifiers" is not present
2025-10-07 13:47:18 +0000  Entitlements for <IDEDistributionItem: 0x36c9c9ab0; bundleID='org.InjuryIQ', path='<DVTFilePath:0x36d3ec8f0:'/Users/uk-aplatts/Library/Developer/Xcode/Archives/2025-10-07/InjuryIQ 07-10-2025, 14.47.xcarchive/Products/Applications/InjuryIQ.app'>', codeSigningInfo='<_DVTCodeSigningInformation_Path: 0x36cf17000; isSigned='1', isAdHocSigned='0', signingCertificate='<DVTSigningCertificate: 0x351098040; name='Apple Development: Andrew Platts (JPQFW88HYQ)', hash='5B86ED4B3A7C9F2B76D34BCF7E9049F178B7A8F4', serialNumber='409D0D2F474B39E9631339966B46C1A2', certificateKinds='(
    "1.2.840.113635.100.6.1.12",
    "1.2.840.113635.100.6.1.2"
), issueDate='2025-09-02 08:05:25 +0000''>', entitlements='{
    "application-identifier" = "KS86K6AD9K.org.InjuryIQ";
    "com.apple.developer.team-identifier" = KS86K6AD9K;
    "com.apple.developer.weatherkit" = 1;
    "get-task-allow" = 1;
}', teamID='KS86K6AD9K', identifier='org.InjuryIQ', executablePath='<DVTFilePath:0x36c9e76a0:'/Users/uk-aplatts/Library/Developer/Xcode/Archives/2025-10-07/InjuryIQ 07-10-2025, 14.47.xcarchive/Products/Applications/InjuryIQ.app/InjuryIQ'>', hardenedRuntime='0'>'> are: {
    "application-identifier" = "KS86K6AD9K.org.InjuryIQ";
    "beta-reports-active" = 1;
    "com.apple.developer.team-identifier" = KS86K6AD9K;
    "com.apple.developer.weatherkit" = 1;
    "get-task-allow" = 0;
}
2025-10-07 13:47:18 +0000  Writing entitlements for <IDEDistributionItem: 0x36c9c9ab0; bundleID='org.InjuryIQ', path='<DVTFilePath:0x36d3ec8f0:'/Users/uk-aplatts/Library/Developer/Xcode/Archives/2025-10-07/InjuryIQ 07-10-2025, 14.47.xcarchive/Products/Applications/InjuryIQ.app'>', codeSigningInfo='<_DVTCodeSigningInformation_Path: 0x36cf17000; isSigned='1', isAdHocSigned='0', signingCertificate='<DVTSigningCertificate: 0x351098040; name='Apple Development: Andrew Platts (JPQFW88HYQ)', hash='5B86ED4B3A7C9F2B76D34BCF7E9049F178B7A8F4', serialNumber='409D0D2F474B39E9631339966B46C1A2', certificateKinds='(
    "1.2.840.113635.100.6.1.12",
    "1.2.840.113635.100.6.1.2"
), issueDate='2025-09-02 08:05:25 +0000''>', entitlements='{
    "application-identifier" = "KS86K6AD9K.org.InjuryIQ";
    "com.apple.developer.team-identifier" = KS86K6AD9K;
    "com.apple.developer.weatherkit" = 1;
    "get-task-allow" = 1;
}', teamID='KS86K6AD9K', identifier='org.InjuryIQ', executablePath='<DVTFilePath:0x36c9e76a0:'/Users/uk-aplatts/Library/Developer/Xcode/Archives/2025-10-07/InjuryIQ 07-10-2025, 14.47.xcarchive/Products/Applications/InjuryIQ.app/InjuryIQ'>', hardenedRuntime='0'>'> to: /var/folders/nx/0pc9xw4j3hb16chrbb1g5fkrqm2sj7/T/XcodeDistPipeline.~~~AuCnaD/entitlements~~~jqLUbp
2025-10-07 13:47:18 +0000  invoking codesign: <NSConcreteTask: 0x36a124eb0; launchPath='/usr/bin/codesign', arguments='(
    "-f",
    "-s",
    B2D795C48ECD975DFE65E24F680006EBF8CCC2B1,
    "--entitlements",
    "/var/folders/nx/0pc9xw4j3hb16chrbb1g5fkrqm2sj7/T/XcodeDistPipeline.~~~AuCnaD/entitlements~~~jqLUbp",
    "--preserve-metadata=identifier,flags,runtime,launch-constraints,library-constraints",
    "--generate-entitlement-der",
    "--strip-disallowed-xattrs",
    "-vvv",
    "/var/folders/nx/0pc9xw4j3hb16chrbb1g5fkrqm2sj7/T/XcodeDistPipeline.~~~AuCnaD/Root/Payload/InjuryIQ.app"
)'>
2025-10-07 13:47:18 +0000  codesign output: /var/folders/nx/0pc9xw4j3hb16chrbb1g5fkrqm2sj7/T/XcodeDistPipeline.~~~AuCnaD/Root/Payload/InjuryIQ.app: replacing existing signature
/var/folders/nx/0pc9xw4j3hb16chrbb1g5fkrqm2sj7/T/XcodeDistPipeline.~~~AuCnaD/Root/Payload/InjuryIQ.app: signed app bundle with Mach-O thin (arm64) [org.InjuryIQ]
2025-10-07 13:47:18 +0000  Processing step: IDEDistributionZipODRItemStep
2025-10-07 13:47:18 +0000  Skipping step: IDEDistributionZipODRItemStep because it said so
2025-10-07 13:47:18 +0000  Skipping step: IDEDistributionZipODRItemStep because it said so
2025-10-07 13:47:18 +0000  Processing step: IDEDistributionCreateIPAStep
2025-10-07 13:47:18 +0000  Running /usr/bin/rsync '-8aPhhE' '/var/folders/nx/0pc9xw4j3hb16chrbb1g5fkrqm2sj7/T/XcodeDistPipeline.~~~AuCnaD/Symbols' '--link-dest' '/var/folders/nx/0pc9xw4j3hb16chrbb1g5fkrqm2sj7/T/XcodeDistPipeline.~~~AuCnaD' '/var/folders/nx/0pc9xw4j3hb16chrbb1g5fkrqm2sj7/T/XcodeDistPipeline.~~~AuCnaD/Root'
2025-10-07 13:47:18 +0000  Symbols/
Symbols/EE77E743-93D7-3009-B6B4-C7EC7B7E7A2A.symbols
2025-10-07 13:47:18 +0000  /usr/bin/rsync exited with 0
2025-10-07 13:47:18 +0000  Running /usr/bin/ditto '-V' '-c' '-k' '--norsrc' '/var/folders/nx/0pc9xw4j3hb16chrbb1g5fkrqm2sj7/T/XcodeDistPipeline.~~~AuCnaD/Root' '/var/folders/nx/0pc9xw4j3hb16chrbb1g5fkrqm2sj7/T/XcodeDistPipeline.~~~AuCnaD/Packages/InjuryIQ.ipa'
2025-10-07 13:47:18 +0000  >>> Copying /var/folders/nx/0pc9xw4j3hb16chrbb1g5fkrqm2sj7/T/XcodeDistPipeline.~~~AuCnaD/Root 
2025-10-07 13:47:18 +0000  copying file ./Payload/InjuryIQ.app/FirebaseAuth_Privacy.bundle/PrivacyInfo.xcprivacy ... 
2025-10-07 13:47:18 +0000  2102 bytes for ./Payload/InjuryIQ.app/FirebaseAuth_Privacy.bundle/PrivacyInfo.xcprivacy
2025-10-07 13:47:18 +0000  copying file ./Payload/InjuryIQ.app/FirebaseAuth_Privacy.bundle/Info.plist ... 
2025-10-07 13:47:18 +0000  789 bytes for ./Payload/InjuryIQ.app/FirebaseAuth_Privacy.bundle/Info.plist
2025-10-07 13:47:18 +0000  copying file ./Payload/InjuryIQ.app/_CodeSignature/CodeResources ... 
2025-10-07 13:47:18 +0000  39707 bytes for ./Payload/InjuryIQ.app/_CodeSignature/CodeResources
2025-10-07 13:47:18 +0000  copying file ./Payload/InjuryIQ.app/Fontisto.ttf ... 
2025-10-07 13:47:18 +0000  313528 bytes for ./Payload/InjuryIQ.app/Fontisto.ttf
2025-10-07 13:47:18 +0000  copying file ./Payload/InjuryIQ.app/Octicons.ttf ... 
2025-10-07 13:47:18 +0000  49404 bytes for ./Payload/InjuryIQ.app/Octicons.ttf
2025-10-07 13:47:18 +0000  copying file ./Payload/InjuryIQ.app/Feather.ttf ... 
2025-10-07 13:47:18 +0000  56228 bytes for ./Payload/InjuryIQ.app/Feather.ttf
2025-10-07 13:47:18 +0000  copying file ./Payload/InjuryIQ.app/FirebaseCore_Privacy.bundle/PrivacyInfo.xcprivacy ... 
2025-10-07 13:47:18 +0000  855 bytes for ./Payload/InjuryIQ.app/FirebaseCore_Privacy.bundle/PrivacyInfo.xcprivacy
2025-10-07 13:47:18 +0000  copying file ./Payload/InjuryIQ.app/FirebaseCore_Privacy.bundle/Info.plist ... 
789 bytes for ./Payload/InjuryIQ.app/FirebaseCore_Privacy.bundle/Info.plist
copying file ./Payload/InjuryIQ.app/FontAwesome6_Regular.ttf ... 
2025-10-07 13:47:18 +0000  67976 bytes for ./Payload/InjuryIQ.app/FontAwesome6_Regular.ttf
2025-10-07 13:47:18 +0000  copying file ./Payload/InjuryIQ.app/Entypo.ttf ... 
2025-10-07 13:47:18 +0000  66200 bytes for ./Payload/InjuryIQ.app/Entypo.ttf
2025-10-07 13:47:18 +0000  copying file ./Payload/InjuryIQ.app/FontAwesome5_Brands.ttf ... 
2025-10-07 13:47:18 +0000  134040 bytes for ./Payload/InjuryIQ.app/FontAwesome5_Brands.ttf
2025-10-07 13:47:18 +0000  copying file ./Payload/InjuryIQ.app/MaterialCommunityIcons.ttf ... 
2025-10-07 13:47:18 +0000  1147844 bytes for ./Payload/InjuryIQ.app/MaterialCommunityIcons.ttf
2025-10-07 13:47:18 +0000  copying file ./Payload/InjuryIQ.app/glog_privacy.bundle/Info.plist ... 
2025-10-07 13:47:18 +0000  770 bytes for ./Payload/InjuryIQ.app/glog_privacy.bundle/Info.plist
2025-10-07 13:47:18 +0000  copying file ./Payload/InjuryIQ.app/FBLPromises_Privacy.bundle/PrivacyInfo.xcprivacy ... 
2025-10-07 13:47:18 +0000  373 bytes for ./Payload/InjuryIQ.app/FBLPromises_Privacy.bundle/PrivacyInfo.xcprivacy
2025-10-07 13:47:18 +0000  copying file ./Payload/InjuryIQ.app/FBLPromises_Privacy.bundle/Info.plist ... 
2025-10-07 13:47:18 +0000  786 bytes for ./Payload/InjuryIQ.app/FBLPromises_Privacy.bundle/Info.plist
2025-10-07 13:47:18 +0000  copying file ./Payload/InjuryIQ.app/InjuryIQ ... 
2025-10-07 13:47:18 +0000  11655856 bytes for ./Payload/InjuryIQ.app/InjuryIQ
2025-10-07 13:47:18 +0000  copying file ./Payload/InjuryIQ.app/AppIcon60x60@2x.png ... 
2025-10-07 13:47:18 +0000  16049 bytes for ./Payload/InjuryIQ.app/AppIcon60x60@2x.png
2025-10-07 13:47:18 +0000  copying file ./Payload/InjuryIQ.app/AntDesign.ttf ... 
2025-10-07 13:47:18 +0000  70344 bytes for ./Payload/InjuryIQ.app/AntDesign.ttf
2025-10-07 13:47:18 +0000  copying file ./Payload/InjuryIQ.app/Foundation.ttf ... 
2025-10-07 13:47:18 +0000  56976 bytes for ./Payload/InjuryIQ.app/Foundation.ttf
2025-10-07 13:47:18 +0000  copying file ./Payload/InjuryIQ.app/Ionicons.ttf ... 
2025-10-07 13:47:18 +0000  442604 bytes for ./Payload/InjuryIQ.app/Ionicons.ttf
2025-10-07 13:47:18 +0000  copying file ./Payload/InjuryIQ.app/FontAwesome5_Solid.ttf ... 
2025-10-07 13:47:18 +0000  202744 bytes for ./Payload/InjuryIQ.app/FontAwesome5_Solid.ttf
2025-10-07 13:47:18 +0000  copying file ./Payload/InjuryIQ.app/FirebaseCoreInternal_Privacy.bundle/PrivacyInfo.xcprivacy ... 
2025-10-07 13:47:18 +0000  855 bytes for ./Payload/InjuryIQ.app/FirebaseCoreInternal_Privacy.bundle/PrivacyInfo.xcprivacy
2025-10-07 13:47:18 +0000  copying file ./Payload/InjuryIQ.app/FirebaseCoreInternal_Privacy.bundle/Info.plist ... 
2025-10-07 13:47:18 +0000  805 bytes for ./Payload/InjuryIQ.app/FirebaseCoreInternal_Privacy.bundle/Info.plist
2025-10-07 13:47:18 +0000  copying file ./Payload/InjuryIQ.app/FontAwesome5_Regular.ttf ... 
2025-10-07 13:47:18 +0000  33736 bytes for ./Payload/InjuryIQ.app/FontAwesome5_Regular.ttf
2025-10-07 13:47:18 +0000  copying file ./Payload/InjuryIQ.app/RNDeviceInfoPrivacyInfo.bundle/PrivacyInfo.xcprivacy ... 
2025-10-07 13:47:18 +0000  1159 bytes for ./Payload/InjuryIQ.app/RNDeviceInfoPrivacyInfo.bundle/PrivacyInfo.xcprivacy
2025-10-07 13:47:18 +0000  copying file ./Payload/InjuryIQ.app/RNDeviceInfoPrivacyInfo.bundle/Info.plist ... 
2025-10-07 13:47:18 +0000  795 bytes for ./Payload/InjuryIQ.app/RNDeviceInfoPrivacyInfo.bundle/Info.plist
2025-10-07 13:47:18 +0000  copying file ./Payload/InjuryIQ.app/React-cxxreact_privacy.bundle/PrivacyInfo.xcprivacy ... 
2025-10-07 13:47:18 +0000  552 bytes for ./Payload/InjuryIQ.app/React-cxxreact_privacy.bundle/PrivacyInfo.xcprivacy
2025-10-07 13:47:18 +0000  copying file ./Payload/InjuryIQ.app/React-cxxreact_privacy.bundle/Info.plist ... 
2025-10-07 13:47:18 +0000  793 bytes for ./Payload/InjuryIQ.app/React-cxxreact_privacy.bundle/Info.plist
2025-10-07 13:47:18 +0000  copying file ./Payload/InjuryIQ.app/GTMAppAuth_Privacy.bundle/PrivacyInfo.xcprivacy ... 
2025-10-07 13:47:18 +0000  373 bytes for ./Payload/InjuryIQ.app/GTMAppAuth_Privacy.bundle/PrivacyInfo.xcprivacy
2025-10-07 13:47:18 +0000  copying file ./Payload/InjuryIQ.app/GTMAppAuth_Privacy.bundle/Info.plist ... 
2025-10-07 13:47:18 +0000  784 bytes for ./Payload/InjuryIQ.app/GTMAppAuth_Privacy.bundle/Info.plist
2025-10-07 13:47:18 +0000  copying file ./Payload/InjuryIQ.app/GoogleService-Info.plist ... 
2025-10-07 13:47:18 +0000  761 bytes for ./Payload/InjuryIQ.app/GoogleService-Info.plist
2025-10-07 13:47:18 +0000  copying file ./Payload/InjuryIQ.app/FirebaseCoreExtension_Privacy.bundle/PrivacyInfo.xcprivacy ... 
2025-10-07 13:47:18 +0000  478 bytes for ./Payload/InjuryIQ.app/FirebaseCoreExtension_Privacy.bundle/PrivacyInfo.xcprivacy
2025-10-07 13:47:18 +0000  copying file ./Payload/InjuryIQ.app/FirebaseCoreExtension_Privacy.bundle/Info.plist ... 
2025-10-07 13:47:18 +0000  807 bytes for ./Payload/InjuryIQ.app/FirebaseCoreExtension_Privacy.bundle/Info.plist
2025-10-07 13:47:18 +0000  copying file ./Payload/InjuryIQ.app/FontAwesome.ttf ... 
2025-10-07 13:47:18 +0000  165548 bytes for ./Payload/InjuryIQ.app/FontAwesome.ttf
2025-10-07 13:47:18 +0000  copying file ./Payload/InjuryIQ.app/GTMSessionFetcher_Core_Privacy.bundle/PrivacyInfo.xcprivacy ... 
2025-10-07 13:47:18 +0000  598 bytes for ./Payload/InjuryIQ.app/GTMSessionFetcher_Core_Privacy.bundle/PrivacyInfo.xcprivacy
2025-10-07 13:47:18 +0000  copying file ./Payload/InjuryIQ.app/GTMSessionFetcher_Core_Privacy.bundle/Info.plist ... 
2025-10-07 13:47:18 +0000  808 bytes for ./Payload/InjuryIQ.app/GTMSessionFetcher_Core_Privacy.bundle/Info.plist
2025-10-07 13:47:18 +0000  copying file ./Payload/InjuryIQ.app/GoogleSignIn.bundle/de.lproj/GoogleSignIn.strings ... 
2025-10-07 13:47:18 +0000  1703 bytes for ./Payload/InjuryIQ.app/GoogleSignIn.bundle/de.lproj/GoogleSignIn.strings
2025-10-07 13:47:18 +0000  copying file ./Payload/InjuryIQ.app/GoogleSignIn.bundle/he.lproj/GoogleSignIn.strings ... 
2025-10-07 13:47:18 +0000  1780 bytes for ./Payload/InjuryIQ.app/GoogleSignIn.bundle/he.lproj/GoogleSignIn.strings
2025-10-07 13:47:18 +0000  copying file ./Payload/InjuryIQ.app/GoogleSignIn.bundle/ar.lproj/GoogleSignIn.strings ... 
2025-10-07 13:47:18 +0000  1759 bytes for ./Payload/InjuryIQ.app/GoogleSignIn.bundle/ar.lproj/GoogleSignIn.strings
2025-10-07 13:47:18 +0000  copying file ./Payload/InjuryIQ.app/GoogleSignIn.bundle/el.lproj/GoogleSignIn.strings ... 
2025-10-07 13:47:18 +0000  2103 bytes for ./Payload/InjuryIQ.app/GoogleSignIn.bundle/el.lproj/GoogleSignIn.strings
2025-10-07 13:47:18 +0000  copying file ./Payload/InjuryIQ.app/GoogleSignIn.bundle/ja.lproj/GoogleSignIn.strings ... 
2025-10-07 13:47:18 +0000  1711 bytes for ./Payload/InjuryIQ.app/GoogleSignIn.bundle/ja.lproj/GoogleSignIn.strings
2025-10-07 13:47:18 +0000  copying file ./Payload/InjuryIQ.app/GoogleSignIn.bundle/en.lproj/GoogleSignIn.strings ... 
2025-10-07 13:47:18 +0000  1547 bytes for ./Payload/InjuryIQ.app/GoogleSignIn.bundle/en.lproj/GoogleSignIn.strings
2025-10-07 13:47:18 +0000  copying file ./Payload/InjuryIQ.app/GoogleSignIn.bundle/uk.lproj/GoogleSignIn.strings ... 
2025-10-07 13:47:18 +0000  1864 bytes for ./Payload/InjuryIQ.app/GoogleSignIn.bundle/uk.lproj/GoogleSignIn.strings
2025-10-07 13:47:18 +0000  copying file ./Payload/InjuryIQ.app/GoogleSignIn.bundle/es_MX.lproj/GoogleSignIn.strings ... 
2025-10-07 13:47:18 +0000  1607 bytes for ./Payload/InjuryIQ.app/GoogleSignIn.bundle/es_MX.lproj/GoogleSignIn.strings
2025-10-07 13:47:18 +0000  copying file ./Payload/InjuryIQ.app/GoogleSignIn.bundle/zh_CN.lproj/GoogleSignIn.strings ... 
2025-10-07 13:47:18 +0000  1489 bytes for ./Payload/InjuryIQ.app/GoogleSignIn.bundle/zh_CN.lproj/GoogleSignIn.strings
2025-10-07 13:47:18 +0000  copying file ./Payload/InjuryIQ.app/GoogleSignIn.bundle/nb.lproj/GoogleSignIn.strings ... 
2025-10-07 13:47:18 +0000  1593 bytes for ./Payload/InjuryIQ.app/GoogleSignIn.bundle/nb.lproj/GoogleSignIn.strings
2025-10-07 13:47:18 +0000  copying file ./Payload/InjuryIQ.app/GoogleSignIn.bundle/es.lproj/GoogleSignIn.strings ... 
2025-10-07 13:47:18 +0000  1678 bytes for ./Payload/InjuryIQ.app/GoogleSignIn.bundle/es.lproj/GoogleSignIn.strings
2025-10-07 13:47:18 +0000  copying file ./Payload/InjuryIQ.app/GoogleSignIn.bundle/pt_BR.lproj/GoogleSignIn.strings ... 
2025-10-07 13:47:18 +0000  1608 bytes for ./Payload/InjuryIQ.app/GoogleSignIn.bundle/pt_BR.lproj/GoogleSignIn.strings
2025-10-07 13:47:18 +0000  copying file ./Payload/InjuryIQ.app/GoogleSignIn.bundle/da.lproj/GoogleSignIn.strings ... 
2025-10-07 13:47:18 +0000  1611 bytes for ./Payload/InjuryIQ.app/GoogleSignIn.bundle/da.lproj/GoogleSignIn.strings
2025-10-07 13:47:18 +0000  copying file ./Payload/InjuryIQ.app/GoogleSignIn.bundle/it.lproj/GoogleSignIn.strings ... 
2025-10-07 13:47:18 +0000  1570 bytes for ./Payload/InjuryIQ.app/GoogleSignIn.bundle/it.lproj/GoogleSignIn.strings
2025-10-07 13:47:18 +0000  copying file ./Payload/InjuryIQ.app/GoogleSignIn.bundle/sk.lproj/GoogleSignIn.strings ... 
2025-10-07 13:47:18 +0000  1665 bytes for ./Payload/InjuryIQ.app/GoogleSignIn.bundle/sk.lproj/GoogleSignIn.strings
2025-10-07 13:47:18 +0000  copying file ./Payload/InjuryIQ.app/GoogleSignIn.bundle/pt_PT.lproj/GoogleSignIn.strings ... 
2025-10-07 13:47:18 +0000  1646 bytes for ./Payload/InjuryIQ.app/GoogleSignIn.bundle/pt_PT.lproj/GoogleSignIn.strings
2025-10-07 13:47:18 +0000  copying file ./Payload/InjuryIQ.app/GoogleSignIn.bundle/google@3x.png ... 
2025-10-07 13:47:18 +0000  1773 bytes for ./Payload/InjuryIQ.app/GoogleSignIn.bundle/google@3x.png
2025-10-07 13:47:18 +0000  copying file ./Payload/InjuryIQ.app/GoogleSignIn.bundle/ms.lproj/GoogleSignIn.strings ... 
2025-10-07 13:47:18 +0000  1565 bytes for ./Payload/InjuryIQ.app/GoogleSignIn.bundle/ms.lproj/GoogleSignIn.strings
2025-10-07 13:47:18 +0000  copying file ./Payload/InjuryIQ.app/GoogleSignIn.bundle/sv.lproj/GoogleSignIn.strings ... 
2025-10-07 13:47:18 +0000  1579 bytes for ./Payload/InjuryIQ.app/GoogleSignIn.bundle/sv.lproj/GoogleSignIn.strings
2025-10-07 13:47:18 +0000  copying file ./Payload/InjuryIQ.app/GoogleSignIn.bundle/cs.lproj/GoogleSignIn.strings ... 
2025-10-07 13:47:18 +0000  1615 bytes for ./Payload/InjuryIQ.app/GoogleSignIn.bundle/cs.lproj/GoogleSignIn.strings
2025-10-07 13:47:18 +0000  copying file ./Payload/InjuryIQ.app/GoogleSignIn.bundle/google@2x.png ... 
2025-10-07 13:47:18 +0000  1166 bytes for ./Payload/InjuryIQ.app/GoogleSignIn.bundle/google@2x.png
2025-10-07 13:47:18 +0000  copying file ./Payload/InjuryIQ.app/GoogleSignIn.bundle/ko.lproj/GoogleSignIn.strings ... 
2025-10-07 13:47:18 +0000  1634 bytes for ./Payload/InjuryIQ.app/GoogleSignIn.bundle/ko.lproj/GoogleSignIn.strings
2025-10-07 13:47:18 +0000  copying file ./Payload/InjuryIQ.app/GoogleSignIn.bundle/hu.lproj/GoogleSignIn.strings ... 
2025-10-07 13:47:18 +0000  1663 bytes for ./Payload/InjuryIQ.app/GoogleSignIn.bundle/hu.lproj/GoogleSignIn.strings
2025-10-07 13:47:18 +0000  copying file ./Payload/InjuryIQ.app/GoogleSignIn.bundle/tr.lproj/GoogleSignIn.strings ... 
2025-10-07 13:47:18 +0000  1596 bytes for ./Payload/InjuryIQ.app/GoogleSignIn.bundle/tr.lproj/GoogleSignIn.strings
2025-10-07 13:47:18 +0000  copying file ./Payload/InjuryIQ.app/GoogleSignIn.bundle/pl.lproj/GoogleSignIn.strings ... 
2025-10-07 13:47:18 +0000  1578 bytes for ./Payload/InjuryIQ.app/GoogleSignIn.bundle/pl.lproj/GoogleSignIn.strings
2025-10-07 13:47:18 +0000  copying file ./Payload/InjuryIQ.app/GoogleSignIn.bundle/zh_TW.lproj/GoogleSignIn.strings ... 
2025-10-07 13:47:18 +0000  1525 bytes for ./Payload/InjuryIQ.app/GoogleSignIn.bundle/zh_TW.lproj/GoogleSignIn.strings
2025-10-07 13:47:18 +0000  copying file ./Payload/InjuryIQ.app/GoogleSignIn.bundle/en_GB.lproj/GoogleSignIn.strings ... 
2025-10-07 13:47:18 +0000  1547 bytes for ./Payload/InjuryIQ.app/GoogleSignIn.bundle/en_GB.lproj/GoogleSignIn.strings
2025-10-07 13:47:18 +0000  copying file ./Payload/InjuryIQ.app/GoogleSignIn.bundle/vi.lproj/GoogleSignIn.strings ... 
2025-10-07 13:47:18 +0000  1717 bytes for ./Payload/InjuryIQ.app/GoogleSignIn.bundle/vi.lproj/GoogleSignIn.strings
2025-10-07 13:47:18 +0000  copying file ./Payload/InjuryIQ.app/GoogleSignIn.bundle/PrivacyInfo.xcprivacy ... 
2025-10-07 13:47:18 +0000  3756 bytes for ./Payload/InjuryIQ.app/GoogleSignIn.bundle/PrivacyInfo.xcprivacy
2025-10-07 13:47:18 +0000  copying file ./Payload/InjuryIQ.app/GoogleSignIn.bundle/ru.lproj/GoogleSignIn.strings ... 
2025-10-07 13:47:18 +0000  1954 bytes for ./Payload/InjuryIQ.app/GoogleSignIn.bundle/ru.lproj/GoogleSignIn.strings
2025-10-07 13:47:18 +0000  copying file ./Payload/InjuryIQ.app/GoogleSignIn.bundle/fr_CA.lproj/GoogleSignIn.strings ... 
2025-10-07 13:47:18 +0000  1657 bytes for ./Payload/InjuryIQ.app/GoogleSignIn.bundle/fr_CA.lproj/GoogleSignIn.strings
2025-10-07 13:47:18 +0000  copying file ./Payload/InjuryIQ.app/GoogleSignIn.bundle/fr.lproj/GoogleSignIn.strings ... 
2025-10-07 13:47:18 +0000  1676 bytes for ./Payload/InjuryIQ.app/GoogleSignIn.bundle/fr.lproj/GoogleSignIn.strings
2025-10-07 13:47:18 +0000  copying file ./Payload/InjuryIQ.app/GoogleSignIn.bundle/fi.lproj/GoogleSignIn.strings ... 
2025-10-07 13:47:18 +0000  1640 bytes for ./Payload/InjuryIQ.app/GoogleSignIn.bundle/fi.lproj/GoogleSignIn.strings
2025-10-07 13:47:18 +0000  copying file ./Payload/InjuryIQ.app/GoogleSignIn.bundle/id.lproj/GoogleSignIn.strings ... 
2025-10-07 13:47:18 +0000  1553 bytes for ./Payload/InjuryIQ.app/GoogleSignIn.bundle/id.lproj/GoogleSignIn.strings
2025-10-07 13:47:18 +0000  copying file ./Payload/InjuryIQ.app/GoogleSignIn.bundle/nl.lproj/GoogleSignIn.strings ... 
2025-10-07 13:47:18 +0000  1606 bytes for ./Payload/InjuryIQ.app/GoogleSignIn.bundle/nl.lproj/GoogleSignIn.strings
2025-10-07 13:47:18 +0000  copying file ./Payload/InjuryIQ.app/GoogleSignIn.bundle/th.lproj/GoogleSignIn.strings ... 
2025-10-07 13:47:18 +0000  2133 bytes for ./Payload/InjuryIQ.app/GoogleSignIn.bundle/th.lproj/GoogleSignIn.strings
2025-10-07 13:47:18 +0000  copying file ./Payload/InjuryIQ.app/GoogleSignIn.bundle/pt.lproj/GoogleSignIn.strings ... 
2025-10-07 13:47:18 +0000  1608 bytes for ./Payload/InjuryIQ.app/GoogleSignIn.bundle/pt.lproj/GoogleSignIn.strings
2025-10-07 13:47:18 +0000  copying file ./Payload/InjuryIQ.app/GoogleSignIn.bundle/google.png ... 
2025-10-07 13:47:18 +0000  643 bytes for ./Payload/InjuryIQ.app/GoogleSignIn.bundle/google.png
2025-10-07 13:47:18 +0000  copying file ./Payload/InjuryIQ.app/GoogleSignIn.bundle/Roboto-Bold.ttf ... 
2025-10-07 13:47:18 +0000  127744 bytes for ./Payload/InjuryIQ.app/GoogleSignIn.bundle/Roboto-Bold.ttf
2025-10-07 13:47:18 +0000  copying file ./Payload/InjuryIQ.app/GoogleSignIn.bundle/ro.lproj/GoogleSignIn.strings ... 
2025-10-07 13:47:18 +0000  1598 bytes for ./Payload/InjuryIQ.app/GoogleSignIn.bundle/ro.lproj/GoogleSignIn.strings
2025-10-07 13:47:18 +0000  copying file ./Payload/InjuryIQ.app/GoogleSignIn.bundle/Info.plist ... 
2025-10-07 13:47:18 +0000  770 bytes for ./Payload/InjuryIQ.app/GoogleSignIn.bundle/Info.plist
2025-10-07 13:47:18 +0000  copying file ./Payload/InjuryIQ.app/GoogleSignIn.bundle/hr.lproj/GoogleSignIn.strings ... 
2025-10-07 13:47:18 +0000  1621 bytes for ./Payload/InjuryIQ.app/GoogleSignIn.bundle/hr.lproj/GoogleSignIn.strings
2025-10-07 13:47:18 +0000  copying file ./Payload/InjuryIQ.app/GoogleSignIn.bundle/hi.lproj/GoogleSignIn.strings ... 
2025-10-07 13:47:18 +0000  2286 bytes for ./Payload/InjuryIQ.app/GoogleSignIn.bundle/hi.lproj/GoogleSignIn.strings
2025-10-07 13:47:18 +0000  copying file ./Payload/InjuryIQ.app/GoogleSignIn.bundle/ca.lproj/GoogleSignIn.strings ... 
2025-10-07 13:47:18 +0000  1669 bytes for ./Payload/InjuryIQ.app/GoogleSignIn.bundle/ca.lproj/GoogleSignIn.strings
2025-10-07 13:47:18 +0000  copying file ./Payload/InjuryIQ.app/Zocial.ttf ... 
2025-10-07 13:47:18 +0000  25788 bytes for ./Payload/InjuryIQ.app/Zocial.ttf
2025-10-07 13:47:18 +0000  copying file ./Payload/InjuryIQ.app/RCT-Folly_privacy.bundle/Info.plist ... 
2025-10-07 13:47:18 +0000  787 bytes for ./Payload/InjuryIQ.app/RCT-Folly_privacy.bundle/Info.plist
2025-10-07 13:47:18 +0000  copying file ./Payload/InjuryIQ.app/RNPermissionsPrivacyInfo.bundle/PrivacyInfo.xcprivacy ... 
2025-10-07 13:47:18 +0000  598 bytes for ./Payload/InjuryIQ.app/RNPermissionsPrivacyInfo.bundle/PrivacyInfo.xcprivacy
2025-10-07 13:47:18 +0000  copying file ./Payload/InjuryIQ.app/RNPermissionsPrivacyInfo.bundle/Info.plist ... 
2025-10-07 13:47:18 +0000  796 bytes for ./Payload/InjuryIQ.app/RNPermissionsPrivacyInfo.bundle/Info.plist
2025-10-07 13:47:18 +0000  copying file ./Payload/InjuryIQ.app/Assets.car ... 
2025-10-07 13:47:18 +0000  3796536 bytes for ./Payload/InjuryIQ.app/Assets.car
2025-10-07 13:47:18 +0000  copying file ./Payload/InjuryIQ.app/EvilIcons.ttf ... 
2025-10-07 13:47:18 +0000  13456 bytes for ./Payload/InjuryIQ.app/EvilIcons.ttf
2025-10-07 13:47:18 +0000  copying file ./Payload/InjuryIQ.app/AppIcon76x76@2x~ipad.png ... 
2025-10-07 13:47:18 +0000  24234 bytes for ./Payload/InjuryIQ.app/AppIcon76x76@2x~ipad.png
2025-10-07 13:47:18 +0000  copying file ./Payload/InjuryIQ.app/AppAuthCore_Privacy.bundle/PrivacyInfo.xcprivacy ... 
2025-10-07 13:47:18 +0000  391 bytes for ./Payload/InjuryIQ.app/AppAuthCore_Privacy.bundle/PrivacyInfo.xcprivacy
2025-10-07 13:47:18 +0000  copying file ./Payload/InjuryIQ.app/AppAuthCore_Privacy.bundle/Info.plist ... 
2025-10-07 13:47:18 +0000  786 bytes for ./Payload/InjuryIQ.app/AppAuthCore_Privacy.bundle/Info.plist
2025-10-07 13:47:18 +0000  copying file ./Payload/InjuryIQ.app/GoogleUtilities_Privacy.bundle/PrivacyInfo.xcprivacy ... 
2025-10-07 13:47:18 +0000  1233 bytes for ./Payload/InjuryIQ.app/GoogleUtilities_Privacy.bundle/PrivacyInfo.xcprivacy
2025-10-07 13:47:18 +0000  copying file ./Payload/InjuryIQ.app/GoogleUtilities_Privacy.bundle/Info.plist ... 
2025-10-07 13:47:18 +0000  794 bytes for ./Payload/InjuryIQ.app/GoogleUtilities_Privacy.bundle/Info.plist
2025-10-07 13:47:18 +0000  copying file ./Payload/InjuryIQ.app/main.jsbundle ... 
2025-10-07 13:47:18 +0000  5536766 bytes for ./Payload/InjuryIQ.app/main.jsbundle
2025-10-07 13:47:18 +0000  copying file ./Payload/InjuryIQ.app/FontAwesome6_Solid.ttf ... 
2025-10-07 13:47:18 +0000  423676 bytes for ./Payload/InjuryIQ.app/FontAwesome6_Solid.ttf
2025-10-07 13:47:18 +0000  copying file ./Payload/InjuryIQ.app/PrivacyInfo.xcprivacy ... 
2025-10-07 13:47:18 +0000  491 bytes for ./Payload/InjuryIQ.app/PrivacyInfo.xcprivacy
2025-10-07 13:47:18 +0000  copying file ./Payload/InjuryIQ.app/LaunchScreen.storyboardc/01J-lp-oVM-view-Ze5-6b-2t3.nib ... 
2025-10-07 13:47:18 +0000  3959 bytes for ./Payload/InjuryIQ.app/LaunchScreen.storyboardc/01J-lp-oVM-view-Ze5-6b-2t3.nib
2025-10-07 13:47:18 +0000  copying file ./Payload/InjuryIQ.app/LaunchScreen.storyboardc/UIViewController-01J-lp-oVM.nib ... 
2025-10-07 13:47:18 +0000  924 bytes for ./Payload/InjuryIQ.app/LaunchScreen.storyboardc/UIViewController-01J-lp-oVM.nib
2025-10-07 13:47:18 +0000  copying file ./Payload/InjuryIQ.app/LaunchScreen.storyboardc/Info.plist ... 
2025-10-07 13:47:18 +0000  258 bytes for ./Payload/InjuryIQ.app/LaunchScreen.storyboardc/Info.plist
2025-10-07 13:47:18 +0000  copying file ./Payload/InjuryIQ.app/RNSVGFilters.bundle/RNSVGArithmeticFilter.iphoneos.metallib ... 
2025-10-07 13:47:18 +0000  3993 bytes for ./Payload/InjuryIQ.app/RNSVGFilters.bundle/RNSVGArithmeticFilter.iphoneos.metallib
2025-10-07 13:47:18 +0000  copying file ./Payload/InjuryIQ.app/RNSVGFilters.bundle/RNSVGCompositeXor.iphoneos.metallib ... 
2025-10-07 13:47:18 +0000  3509 bytes for ./Payload/InjuryIQ.app/RNSVGFilters.bundle/RNSVGCompositeXor.iphoneos.metallib
2025-10-07 13:47:18 +0000  copying file ./Payload/InjuryIQ.app/RNSVGFilters.bundle/Info.plist ... 
2025-10-07 13:47:18 +0000  772 bytes for ./Payload/InjuryIQ.app/RNSVGFilters.bundle/Info.plist
2025-10-07 13:47:18 +0000  copying file ./Payload/InjuryIQ.app/boost_privacy.bundle/Info.plist ... 
2025-10-07 13:47:18 +0000  773 bytes for ./Payload/InjuryIQ.app/boost_privacy.bundle/Info.plist
2025-10-07 13:47:18 +0000  copying file ./Payload/InjuryIQ.app/Frameworks/hermes.framework/_CodeSignature/CodeResources ... 
2025-10-07 13:47:18 +0000  1798 bytes for ./Payload/InjuryIQ.app/Frameworks/hermes.framework/_CodeSignature/CodeResources
2025-10-07 13:47:18 +0000  copying file ./Payload/InjuryIQ.app/Frameworks/hermes.framework/hermes ... 
2025-10-07 13:47:18 +0000  4755616 bytes for ./Payload/InjuryIQ.app/Frameworks/hermes.framework/hermes
2025-10-07 13:47:18 +0000  copying file ./Payload/InjuryIQ.app/Frameworks/hermes.framework/Info.plist ... 
2025-10-07 13:47:18 +0000  859 bytes for ./Payload/InjuryIQ.app/Frameworks/hermes.framework/Info.plist
2025-10-07 13:47:18 +0000  copying file ./Payload/InjuryIQ.app/SimpleLineIcons.ttf ... 
2025-10-07 13:47:18 +0000  54056 bytes for ./Payload/InjuryIQ.app/SimpleLineIcons.ttf
2025-10-07 13:47:18 +0000  copying file ./Payload/InjuryIQ.app/FontAwesome6_Brands.ttf ... 
2025-10-07 13:47:18 +0000  209376 bytes for ./Payload/InjuryIQ.app/FontAwesome6_Brands.ttf
2025-10-07 13:47:18 +0000  copying file ./Payload/InjuryIQ.app/embedded.mobileprovision ... 
2025-10-07 13:47:18 +0000  14313 bytes for ./Payload/InjuryIQ.app/embedded.mobileprovision
2025-10-07 13:47:18 +0000  copying file ./Payload/InjuryIQ.app/assets/node_modules/@react-navigation/elements/lib/module/assets/back-icon@3x.png ... 
2025-10-07 13:47:18 +0000  761 bytes for ./Payload/InjuryIQ.app/assets/node_modules/@react-navigation/elements/lib/module/assets/back-icon@3x.png
2025-10-07 13:47:18 +0000  copying file ./Payload/InjuryIQ.app/assets/node_modules/@react-navigation/elements/lib/module/assets/back-icon@2x.png ... 
2025-10-07 13:47:18 +0000  405 bytes for ./Payload/InjuryIQ.app/assets/node_modules/@react-navigation/elements/lib/module/assets/back-icon@2x.png
2025-10-07 13:47:18 +0000  copying file ./Payload/InjuryIQ.app/assets/node_modules/@react-navigation/elements/lib/module/assets/search-icon@2x.png ... 
2025-10-07 13:47:18 +0000  589 bytes for ./Payload/InjuryIQ.app/assets/node_modules/@react-navigation/elements/lib/module/assets/search-icon@2x.png
2025-10-07 13:47:18 +0000  copying file ./Payload/InjuryIQ.app/assets/node_modules/@react-navigation/elements/lib/module/assets/clear-icon@3x.png ... 
2025-10-07 13:47:18 +0000  502 bytes for ./Payload/InjuryIQ.app/assets/node_modules/@react-navigation/elements/lib/module/assets/clear-icon@3x.png
2025-10-07 13:47:18 +0000  copying file ./Payload/InjuryIQ.app/assets/node_modules/@react-navigation/elements/lib/module/assets/back-icon.png ... 
2025-10-07 13:47:18 +0000  290 bytes for ./Payload/InjuryIQ.app/assets/node_modules/@react-navigation/elements/lib/module/assets/back-icon.png
2025-10-07 13:47:18 +0000  copying file ./Payload/InjuryIQ.app/assets/node_modules/@react-navigation/elements/lib/module/assets/clear-icon@2x.png ... 
2025-10-07 13:47:18 +0000  334 bytes for ./Payload/InjuryIQ.app/assets/node_modules/@react-navigation/elements/lib/module/assets/clear-icon@2x.png
2025-10-07 13:47:18 +0000  copying file ./Payload/InjuryIQ.app/assets/node_modules/@react-navigation/elements/lib/module/assets/search-icon@3x.png ... 
2025-10-07 13:47:18 +0000  839 bytes for ./Payload/InjuryIQ.app/assets/node_modules/@react-navigation/elements/lib/module/assets/search-icon@3x.png
2025-10-07 13:47:18 +0000  copying file ./Payload/InjuryIQ.app/assets/node_modules/@react-navigation/elements/lib/module/assets/close-icon.png ... 
2025-10-07 13:47:18 +0000  141 bytes for ./Payload/InjuryIQ.app/assets/node_modules/@react-navigation/elements/lib/module/assets/close-icon.png
2025-10-07 13:47:18 +0000  copying file ./Payload/InjuryIQ.app/assets/node_modules/@react-navigation/elements/lib/module/assets/back-icon-mask.png ... 
2025-10-07 13:47:18 +0000  653 bytes for ./Payload/InjuryIQ.app/assets/node_modules/@react-navigation/elements/lib/module/assets/back-icon-mask.png
2025-10-07 13:47:18 +0000  copying file ./Payload/InjuryIQ.app/assets/node_modules/@react-navigation/elements/lib/module/assets/close-icon@2x.png ... 
2025-10-07 13:47:18 +0000  201 bytes for ./Payload/InjuryIQ.app/assets/node_modules/@react-navigation/elements/lib/module/assets/close-icon@2x.png
2025-10-07 13:47:18 +0000  copying file ./Payload/InjuryIQ.app/assets/node_modules/@react-navigation/elements/lib/module/assets/close-icon@3x.png ... 
2025-10-07 13:47:18 +0000  266 bytes for ./Payload/InjuryIQ.app/assets/node_modules/@react-navigation/elements/lib/module/assets/close-icon@3x.png
2025-10-07 13:47:18 +0000  copying file ./Payload/InjuryIQ.app/assets/node_modules/@react-navigation/elements/lib/module/assets/clear-icon.png ... 
2025-10-07 13:47:18 +0000  220 bytes for ./Payload/InjuryIQ.app/assets/node_modules/@react-navigation/elements/lib/module/assets/clear-icon.png
2025-10-07 13:47:18 +0000  copying file ./Payload/InjuryIQ.app/assets/node_modules/@react-navigation/elements/lib/module/assets/search-icon.png ... 
2025-10-07 13:47:18 +0000  317 bytes for ./Payload/InjuryIQ.app/assets/node_modules/@react-navigation/elements/lib/module/assets/search-icon.png
2025-10-07 13:47:18 +0000  copying file ./Payload/InjuryIQ.app/assets/node_modules/react-native-paper/src/assets/back-chevron.png ... 
2025-10-07 13:47:18 +0000  489 bytes for ./Payload/InjuryIQ.app/assets/node_modules/react-native-paper/src/assets/back-chevron.png
2025-10-07 13:47:18 +0000  copying file ./Payload/InjuryIQ.app/assets/assets/single-runner.png ... 
2025-10-07 13:47:18 +0000  2344103 bytes for ./Payload/InjuryIQ.app/assets/assets/single-runner.png
2025-10-07 13:47:18 +0000  copying file ./Payload/InjuryIQ.app/Info.plist ... 
2025-10-07 13:47:18 +0000  4152 bytes for ./Payload/InjuryIQ.app/Info.plist
2025-10-07 13:47:18 +0000  copying file ./Payload/InjuryIQ.app/PkgInfo ... 
2025-10-07 13:47:18 +0000  8 bytes for ./Payload/InjuryIQ.app/PkgInfo
2025-10-07 13:47:18 +0000  copying file ./Payload/InjuryIQ.app/MaterialIcons.ttf ... 
2025-10-07 13:47:18 +0000  356840 bytes for ./Payload/InjuryIQ.app/MaterialIcons.ttf
2025-10-07 13:47:18 +0000  copying file ./Payload/InjuryIQ.app/React-Core_privacy.bundle/PrivacyInfo.xcprivacy ... 
2025-10-07 13:47:18 +0000  768 bytes for ./Payload/InjuryIQ.app/React-Core_privacy.bundle/PrivacyInfo.xcprivacy
2025-10-07 13:47:18 +0000  copying file ./Payload/InjuryIQ.app/React-Core_privacy.bundle/Info.plist ... 
2025-10-07 13:47:18 +0000  785 bytes for ./Payload/InjuryIQ.app/React-Core_privacy.bundle/Info.plist
2025-10-07 13:47:18 +0000  copying file ./Symbols/EE77E743-93D7-3009-B6B4-C7EC7B7E7A2A.symbols ... 
2025-10-07 13:47:19 +0000  49977988 bytes for ./Symbols/EE77E743-93D7-3009-B6B4-C7EC7B7E7A2A.symbols
2025-10-07 13:47:19 +0000  /usr/bin/ditto exited with 0
2025-10-07 13:47:19 +0000  Processing step: IDEDistributionAppStoreInformationStep
2025-10-07 13:47:19 +0000  Skipping step: IDEDistributionAppStoreInformationStep because it said so
2025-10-07 13:47:19 +0000  Processing step: IDEDistributionGenerateProcessedDistributionItems
2025-10-07 13:47:19 +0000  IDEDistributionItem init <DVTFilePath:0x1600d4260:'/var/folders/nx/0pc9xw4j3hb16chrbb1g5fkrqm2sj7/T/XcodeDistPipeline.~~~AuCnaD/Root/Payload/InjuryIQ.app/Frameworks/hermes.framework'>
2025-10-07 13:47:19 +0000  IDEDistributionItem init <DVTFilePath:0x3560bbe40:'/var/folders/nx/0pc9xw4j3hb16chrbb1g5fkrqm2sj7/T/XcodeDistPipeline.~~~AuCnaD/Root/Payload/InjuryIQ.app'>
2025-10-07 13:47:19 +0000  Processing step: IDEDistributionCreateManifestStep
2025-10-07 13:47:19 +0000  Skipping step: IDEDistributionCreateManifestStep because it said so
